\BOOKMARK [1][-]{section.1}{\376\377\000I\000n\000t\000r\000o\000d\000u\000c\000t\000i\000o\000n}{}% 1
\BOOKMARK [1][-]{section.2}{\376\377\000B\000a\000c\000k\000g\000r\000o\000u\000n\000d\000\040\000a\000n\000d\000\040\000R\000e\000l\000a\000t\000e\000d\000\040\000W\000o\000r\000k}{}% 2
\BOOKMARK [2][-]{subsection.2.1}{\376\377\000B\000L\000E\000\040\000S\000e\000c\000u\000r\000i\000t\000y\000\040\000M\000o\000d\000e\000l\000\040\000a\000n\000d\000\040\000K\000n\000o\000w\000n\000\040\000V\000u\000l\000n\000e\000r\000a\000b\000i\000l\000i\000t\000i\000e\000s}{section.2}% 3
\BOOKMARK [2][-]{subsection.2.2}{\376\377\000E\000x\000o\000s\000k\000e\000l\000e\000t\000o\000n\000\040\000C\000o\000n\000t\000r\000o\000l\000\040\000A\000r\000c\000h\000i\000t\000e\000c\000t\000u\000r\000e\000s}{section.2}% 4
\BOOKMARK [2][-]{subsection.2.3}{\376\377\000A\000p\000p\000l\000i\000c\000a\000t\000i\000o\000n\000\040\000L\000a\000y\000e\000r\000\040\000S\000e\000c\000u\000r\000i\000t\000y\000\040\000f\000o\000r\000\040\000B\000L\000E\000\040\000a\000n\000d\000\040\000M\000e\000d\000i\000c\000a\000l\000\040\000I\000o\000T}{section.2}% 5
\BOOKMARK [1][-]{section.3}{\376\377\000S\000y\000s\000t\000e\000m\000\040\000A\000r\000c\000h\000i\000t\000e\000c\000t\000u\000r\000e}{}% 6
\BOOKMARK [2][-]{subsection.3.1}{\376\377\000G\000a\000t\000e\000w\000a\000y\000\040\000M\000e\000d\000i\000a\000t\000e\000d\000\040\000C\000o\000m\000m\000a\000n\000d\000\040\000B\000o\000u\000n\000d\000a\000r\000y}{section.3}% 7
\BOOKMARK [2][-]{subsection.3.2}{\376\377\000E\000v\000a\000l\000u\000a\000t\000e\000d\000\040\000E\000x\000o\000s\000k\000e\000l\000e\000t\000o\000n\000\040\000I\000n\000t\000e\000g\000r\000a\000t\000i\000o\000n}{section.3}% 8
\BOOKMARK [2][-]{subsection.3.3}{\376\377\000C\000o\000m\000m\000a\000n\000d\000\040\000F\000l\000o\000w\000\040\000a\000n\000d\000\040\000R\000u\000n\000t\000i\000m\000e\000\040\000I\000s\000o\000l\000a\000t\000i\000o\000n}{section.3}% 9
\BOOKMARK [2][-]{subsection.3.4}{\376\377\000E\000n\000d\000p\000o\000i\000n\000t\000\040\000R\000o\000l\000e\000s\000\040\000a\000n\000d\000\040\000S\000t\000a\000t\000e\000\040\000S\000e\000p\000a\000r\000a\000t\000i\000o\000n}{section.3}% 10
\BOOKMARK [1][-]{section.4}{\376\377\000T\000h\000e\000\040\000C\000i\000p\000h\000e\000r\000C\000h\000a\000n\000n\000e\000l\000\040\000P\000r\000o\000t\000o\000c\000o\000l}{}% 11
\BOOKMARK [2][-]{subsection.4.1}{\376\377\000T\000h\000r\000e\000a\000t\000\040\000M\000o\000d\000e\000l}{section.4}% 12
\BOOKMARK [2][-]{subsection.4.2}{\376\377\000C\000r\000y\000p\000t\000o\000g\000r\000a\000p\000h\000i\000c\000\040\000P\000r\000i\000m\000i\000t\000i\000v\000e\000s}{section.4}% 13
\BOOKMARK [2][-]{subsection.4.3}{\376\377\000P\000a\000c\000k\000e\000t\000\040\000F\000o\000r\000m\000a\000t}{section.4}% 14
\BOOKMARK [2][-]{subsection.4.4}{\376\377\000H\000a\000n\000d\000l\000i\000n\000g\000\040\000B\000L\000E\000\040\000M\000T\000U\000\040\000C\000o\000n\000s\000t\000r\000a\000i\000n\000t\000s}{section.4}% 15
\BOOKMARK [2][-]{subsection.4.5}{\376\377\000P\000e\000r\000s\000i\000s\000t\000e\000n\000t\000\040\000C\000o\000u\000n\000t\000e\000r\000\040\000N\000o\000n\000c\000e\000s\000\040\000a\000n\000d\000\040\000R\000e\000p\000l\000a\000y\000\040\000P\000r\000o\000t\000e\000c\000t\000i\000o\000n}{section.4}% 16
\BOOKMARK [2][-]{subsection.4.6}{\376\377\000S\000e\000c\000u\000r\000i\000t\000y\000\040\000I\000n\000v\000a\000r\000i\000a\000n\000t}{section.4}% 17
\BOOKMARK [2][-]{subsection.4.7}{\376\377\000D\000u\000a\000l\000\040\000K\000e\000y\000\040\000A\000r\000c\000h\000i\000t\000e\000c\000t\000u\000r\000e}{section.4}% 18
\BOOKMARK [2][-]{subsection.4.8}{\376\377\000P\000h\000y\000s\000i\000c\000a\000l\000l\000y\000\040\000G\000a\000t\000e\000d\000\040\000K\000e\000y\000\040\000E\000x\000c\000h\000a\000n\000g\000e}{section.4}% 19
\BOOKMARK [2][-]{subsection.4.9}{\376\377\000R\000e\000c\000o\000n\000n\000e\000c\000t\000i\000o\000n\000\040\000a\000n\000d\000\040\000S\000t\000a\000t\000e\000\040\000R\000e\000c\000o\000v\000e\000r\000y}{section.4}% 20
\BOOKMARK [2][-]{subsection.4.10}{\376\377\000S\000y\000m\000b\000o\000l\000i\000c\000\040\000P\000r\000o\000t\000o\000c\000o\000l\000\040\000V\000e\000r\000i\000f\000i\000c\000a\000t\000i\000o\000n}{section.4}% 21
\BOOKMARK [1][-]{section.5}{\376\377\000R\000e\000f\000e\000r\000e\000n\000c\000e\000\040\000I\000m\000p\000l\000e\000m\000e\000n\000t\000a\000t\000i\000o\000n}{}% 22
\BOOKMARK [2][-]{subsection.5.1}{\376\377\000I\000m\000p\000l\000e\000m\000e\000n\000t\000a\000t\000i\000o\000n\000\040\000R\000o\000b\000u\000s\000t\000n\000e\000s\000s}{section.5}% 23
\BOOKMARK [1][-]{section.6}{\376\377\000E\000x\000p\000e\000r\000i\000m\000e\000n\000t\000a\000l\000\040\000E\000v\000a\000l\000u\000a\000t\000i\000o\000n}{}% 24
\BOOKMARK [2][-]{subsection.6.1}{\376\377\000E\000x\000p\000e\000r\000i\000m\000e\000n\000t\000a\000l\000\040\000S\000e\000t\000u\000p}{section.6}% 25
\BOOKMARK [2][-]{subsection.6.2}{\376\377\000S\000e\000c\000u\000r\000i\000t\000y\000\040\000A\000n\000a\000l\000y\000s\000i\000s\000\040\000A\000g\000a\000i\000n\000s\000t\000\040\000K\000n\000o\000w\000n\000\040\000B\000L\000E\000\040\000A\000t\000t\000a\000c\000k\000s}{section.6}% 26
\BOOKMARK [2][-]{subsection.6.3}{\376\377\000P\000r\000o\000t\000o\000c\000o\000l\000\040\000C\000o\000r\000r\000e\000c\000t\000n\000e\000s\000s\000\040\000a\000n\000d\000\040\000P\000r\000o\000v\000i\000s\000i\000o\000n\000i\000n\000g\000\040\000G\000a\000t\000e}{section.6}% 27
\BOOKMARK [2][-]{subsection.6.4}{\376\377\000A\000d\000v\000e\000r\000s\000a\000r\000i\000a\000l\000\040\000R\000e\000j\000e\000c\000t\000i\000o\000n\000\040\000a\000n\000d\000\040\000E\000n\000d\000p\000o\000i\000n\000t\000\040\000I\000s\000o\000l\000a\000t\000i\000o\000n}{section.6}% 28
\BOOKMARK [2][-]{subsection.6.5}{\376\377\000S\000t\000e\000a\000d\000y\000\040\000S\000t\000a\000t\000e\000\040\000a\000n\000d\000\040\000C\000o\000l\000d\000\040\000S\000t\000a\000r\000t\000\040\000C\000o\000m\000m\000a\000n\000d\000\040\000L\000a\000t\000e\000n\000c\000y}{section.6}% 29
\BOOKMARK [2][-]{subsection.6.6}{\376\377\000D\000T\000L\000S\000\040\000B\000a\000s\000e\000l\000i\000n\000e\000\040\000C\000o\000m\000p\000a\000r\000i\000s\000o\000n}{section.6}% 30
\BOOKMARK [2][-]{subsection.6.7}{\376\377\000G\000a\000t\000e\000w\000a\000y\000\040\000I\000n\000t\000e\000r\000n\000a\000l\000\040\000P\000r\000o\000c\000e\000s\000s\000i\000n\000g\000\040\000C\000o\000s\000t}{section.6}% 31
\BOOKMARK [2][-]{subsection.6.8}{\376\377\000K\000e\000y\000\040\000E\000x\000c\000h\000a\000n\000g\000e\000\040\000L\000a\000t\000e\000n\000c\000y}{section.6}% 32
\BOOKMARK [2][-]{subsection.6.9}{\376\377\000D\000i\000s\000t\000a\000n\000c\000e\000\040\000a\000n\000d\000\040\000O\000b\000s\000t\000r\000u\000c\000t\000i\000o\000n\000\040\000S\000e\000n\000s\000i\000t\000i\000v\000i\000t\000y}{section.6}% 33
\BOOKMARK [2][-]{subsection.6.10}{\376\377\000E\000S\000P\0003\0002\000\040\000R\000e\000s\000o\000u\000r\000c\000e\000\040\000F\000o\000o\000t\000p\000r\000i\000n\000t}{section.6}% 34
\BOOKMARK [1][-]{section.7}{\376\377\000D\000i\000s\000c\000u\000s\000s\000i\000o\000n}{}% 35
\BOOKMARK [2][-]{subsection.7.1}{\376\377\000I\000n\000t\000e\000r\000p\000r\000e\000t\000a\000t\000i\000o\000n\000\040\000o\000f\000\040\000t\000h\000e\000\040\000M\000a\000i\000n\000\040\000R\000e\000s\000u\000l\000t\000s}{section.7}% 36
\BOOKMARK [2][-]{subsection.7.2}{\376\377\000L\000a\000t\000e\000n\000c\000y\000\040\000T\000r\000a\000d\000e\000-\000o\000f\000f\000s}{section.7}% 37
\BOOKMARK [2][-]{subsection.7.3}{\376\377\000P\000h\000y\000s\000i\000c\000a\000l\000\040\000P\000r\000e\000s\000e\000n\000c\000e\000\040\000R\000e\000q\000u\000i\000r\000e\000m\000e\000n\000t\000\040\000a\000s\000\040\000a\000\040\000S\000a\000f\000e\000t\000y\000\040\000C\000o\000n\000t\000r\000o\000l}{section.7}% 38
\BOOKMARK [2][-]{subsection.7.4}{\376\377\000D\000i\000s\000t\000a\000n\000c\000e\000,\000\040\000O\000b\000s\000t\000r\000u\000c\000t\000i\000o\000n\000,\000\040\000a\000n\000d\000\040\000D\000e\000p\000l\000o\000y\000m\000e\000n\000t\000\040\000C\000o\000n\000s\000t\000r\000a\000i\000n\000t\000s}{section.7}% 39
\BOOKMARK [2][-]{subsection.7.5}{\376\377\000L\000i\000m\000i\000t\000a\000t\000i\000o\000n\000s}{section.7}% 40
\BOOKMARK [2][-]{subsection.7.6}{\376\377\000R\000e\000g\000u\000l\000a\000t\000o\000r\000y\000\040\000A\000l\000i\000g\000n\000m\000e\000n\000t}{section.7}% 41
\BOOKMARK [2][-]{subsection.7.7}{\376\377\000F\000u\000t\000u\000r\000e\000\040\000W\000o\000r\000k}{section.7}% 42
\BOOKMARK [1][-]{section.8}{\376\377\000C\000o\000n\000c\000l\000u\000s\000i\000o\000n}{}% 43
\BOOKMARK [1][-]{section*.1}{\376\377\000R\000e\000f\000e\000r\000e\000n\000c\000e\000s}{}% 44
